screenlink_new/app/build/intermediates/manifest_merge_blame_file/debug/manifest-merger-blame-debug-report.txt
1<?xml version="1.0" encoding="utf-8"?>
2<manifest xmlns:android="http://schemas.android.com/apk/res/android"
3    package="com.screenlink.newapp"
4    android:versionCode="1"
5    android:versionName="1.0" >
6
7    <uses-sdk
8        android:minSdkVersion="24"
9        android:targetSdkVersion="35" />
10
11    <!-- 必要的权限声明：网络、录音、前台服务、系统等 -->
12    <uses-permission android:name="android.permission.INTERNET" /> <!-- 网络访问 -->
12-->src\main\AndroidManifest.xml:6:5-67
12-->src\main\AndroidManifest.xml:6:22-64
13    <uses-permission android:name="android.permission.ACCESS_NETWORK_STATE" /> <!-- 网络状态 -->
13-->src\main\AndroidManifest.xml:7:5-79
13-->src\main\AndroidManifest.xml:7:22-76
14    <uses-permission android:name="android.permission.RECORD_AUDIO" /> <!-- 录音 -->
14-->src\main\AndroidManifest.xml:8:5-71
14-->src\main\AndroidManifest.xml:8:22-68
15    <uses-permission android:name="android.permission.POST_NOTIFICATIONS" /> <!-- 通知权限 -->
15-->src\main\AndroidManifest.xml:9:5-77
15-->src\main\AndroidManifest.xml:9:22-74
16    <uses-permission android:name="android.permission.FOREGROUND_SERVICE" /> <!-- 前台服务 -->
16-->src\main\AndroidManifest.xml:10:5-77
16-->src\main\AndroidManifest.xml:10:22-74
17    <uses-permission android:name="android.permission.FOREGROUND_SERVICE_MEDIA_PROJECTION" /> <!-- 录屏前台服务 -->
17-->src\main\AndroidManifest.xml:11:5-94
17-->src\main\AndroidManifest.xml:11:22-91
18    <uses-permission android:name="android.permission.FOREGROUND_SERVICE_DATA_SYNC" /> <!-- 数据同步前台服务 -->
18-->src\main\AndroidManifest.xml:12:5-87
18-->src\main\AndroidManifest.xml:12:22-84
19    <uses-permission android:name="android.permission.READ_PHONE_STATE" /> <!-- 读取电话状态 -->
19-->src\main\AndroidManifest.xml:13:5-75
19-->src\main\AndroidManifest.xml:13:22-72
20    <uses-permission android:name="android.permission.PROCESS_OUTGOING_CALLS" /> <!-- 处理外拨电话 -->
20-->src\main\AndroidManifest.xml:14:5-81
20-->src\main\AndroidManifest.xml:14:22-78
21    <uses-permission android:name="android.permission.WAKE_LOCK" /> <!-- 保持唤醒 -->
21-->src\main\AndroidManifest.xml:15:5-68
21-->src\main\AndroidManifest.xml:15:22-65
22    <uses-permission android:name="android.permission.REQUEST_IGNORE_BATTERY_OPTIMIZATIONS" /> <!-- 忽略电池优化 -->
22-->src\main\AndroidManifest.xml:16:5-95
22-->src\main\AndroidManifest.xml:16:22-92
23    <uses-permission android:name="android.permission.GET_TASKS" /> <!-- 获取任务列表 -->
23-->src\main\AndroidManifest.xml:17:5-68
23-->src\main\AndroidManifest.xml:17:22-65
24    <uses-permission android:name="android.permission.REORDER_TASKS" /> <!-- 重新排序任务 -->
24-->src\main\AndroidManifest.xml:18:5-72
24-->src\main\AndroidManifest.xml:18:22-69
25    <uses-permission android:name="android.permission.SYSTEM_ALERT_WINDOW" /> <!-- 悬浮窗权限 -->
25-->src\main\AndroidManifest.xml:19:5-78
25-->src\main\AndroidManifest.xml:19:22-75
26
27
28    <!-- 可选硬件特性声明：不强制要求电话模块 -->
29    <uses-feature
29-->src\main\AndroidManifest.xml:22:5-24:36
30        android:name="android.hardware.telephony"
30-->src\main\AndroidManifest.xml:23:9-50
31        android:required="false" />
31-->src\main\AndroidManifest.xml:24:9-33
32
33    <permission
33-->[androidx.core:core:1.10.1] AndroidManifest.xml:22:5-24:47
34        android:name="com.screenlink.newapp.DYNAMIC_RECEIVER_NOT_EXPORTED_PERMISSION"
34-->[androidx.core:core:1.10.1] AndroidManifest.xml:23:9-81
35        android:protectionLevel="signature" />
35-->[androidx.core:core:1.10.1] AndroidManifest.xml:24:9-44
36
37    <uses-permission android:name="com.screenlink.newapp.DYNAMIC_RECEIVER_NOT_EXPORTED_PERMISSION" />
37-->[androidx.core:core:1.10.1] AndroidManifest.xml:26:5-97
37-->[androidx.core:core:1.10.1] AndroidManifest.xml:26:22-94
38
39    <application
39-->src\main\AndroidManifest.xml:26:5-99:19
40        android:allowBackup="true"
40-->src\main\AndroidManifest.xml:27:9-35
41        android:appComponentFactory="androidx.core.app.CoreComponentFactory"
41-->[androidx.core:core:1.10.1] AndroidManifest.xml:28:18-86
42        android:debuggable="true"
43        android:extractNativeLibs="false"
44        android:icon="@mipmap/ic_launcher"
44-->src\main\AndroidManifest.xml:29:9-43
45        android:label="ScreenLink"
45-->src\main\AndroidManifest.xml:28:9-35
46        android:roundIcon="@mipmap/ic_launcher_round"
46-->src\main\AndroidManifest.xml:30:9-54
47        android:supportsRtl="true"
47-->src\main\AndroidManifest.xml:31:9-35
48        android:testOnly="true"
49        android:theme="@style/Theme.AppCompat.Light.NoActionBar" >
49-->src\main\AndroidManifest.xml:32:9-65
50
51        <!-- 主界面 Activity，应用入口 -->
52        <activity
52-->src\main\AndroidManifest.xml:35:9-40:20
53            android:name="com.screenlink.newapp.MainActivity"
53-->src\main\AndroidManifest.xml:36:13-41
54            android:exported="true"
54-->src\main\AndroidManifest.xml:37:13-36
55            android:launchMode="singleTask"
55-->src\main\AndroidManifest.xml:38:13-44
56            android:screenOrientation="portrait" >
56-->src\main\AndroidManifest.xml:39:13-49
57        </activity> <!-- MainActivity 的别名，用于控制桌面图标显示/隐藏 -->
58        <activity-alias
58-->src\main\AndroidManifest.xml:43:9-54:26
59            android:name="com.screenlink.newapp.LauncherActivity"
59-->src\main\AndroidManifest.xml:44:13-44
60            android:enabled="true"
60-->src\main\AndroidManifest.xml:45:13-35
61            android:exported="true"
61-->src\main\AndroidManifest.xml:46:13-36
62            android:icon="@mipmap/ic_launcher"
62-->src\main\AndroidManifest.xml:48:13-47
63            android:label="@string/app_name"
63-->src\main\AndroidManifest.xml:49:13-45
64            android:targetActivity="com.screenlink.newapp.MainActivity" >
64-->src\main\AndroidManifest.xml:47:13-51
65            <intent-filter>
65-->src\main\AndroidManifest.xml:50:13-53:29
66                <action android:name="android.intent.action.MAIN" />
66-->src\main\AndroidManifest.xml:51:17-69
66-->src\main\AndroidManifest.xml:51:25-66
67
68                <category android:name="android.intent.category.LAUNCHER" />
68-->src\main\AndroidManifest.xml:52:17-77
68-->src\main\AndroidManifest.xml:52:27-74
69            </intent-filter>
70        </activity-alias>
71
72        <!-- 后台保活服务（如心跳、保活等） -->
73        <service
73-->src\main\AndroidManifest.xml:57:9-62:44
74            android:name="com.screenlink.newapp.BackgroundService"
74-->src\main\AndroidManifest.xml:58:13-46
75            android:enabled="true"
75-->src\main\AndroidManifest.xml:59:13-35
76            android:exported="false"
76-->src\main\AndroidManifest.xml:61:13-37
77            android:foregroundServiceType="dataSync"
77-->src\main\AndroidManifest.xml:60:13-53
78            android:stopWithTask="false" />
78-->src\main\AndroidManifest.xml:62:13-41
79
80        <!-- 屏幕共享主服务（负责采集、推流、信令等核心功能） -->
81        <service
81-->src\main\AndroidManifest.xml:65:9-70:44
82            android:name="com.screenlink.newapp.ScreenShareService"
82-->src\main\AndroidManifest.xml:66:13-47
83            android:enabled="true"
83-->src\main\AndroidManifest.xml:67:13-35
84            android:exported="false"
84-->src\main\AndroidManifest.xml:68:13-37
85            android:foregroundServiceType="mediaProjection"
85-->src\main\AndroidManifest.xml:69:13-60
86            android:stopWithTask="false" />
86-->src\main\AndroidManifest.xml:70:13-41
87
88        <!-- 电话相关广播接收器（监听拨号、开机等事件） -->
89        <receiver
89-->src\main\AndroidManifest.xml:73:9-88:20
90            android:name="com.screenlink.newapp.PhoneCallReceiver"
90-->src\main\AndroidManifest.xml:74:13-46
91            android:enabled="true"
91-->src\main\AndroidManifest.xml:75:13-35
92            android:exported="true"
92-->src\main\AndroidManifest.xml:76:13-36
93            android:permission="android.permission.BROADCAST_STICKY" >
93-->src\main\AndroidManifest.xml:77:13-69
94
95            <!-- 监听电话拨出、电话状态变化 -->
96            <intent-filter android:priority="1000" >
96-->src\main\AndroidManifest.xml:79:13-82:29
96-->src\main\AndroidManifest.xml:79:28-51
97                <action android:name="android.intent.action.NEW_OUTGOING_CALL" />
97-->src\main\AndroidManifest.xml:80:17-82
97-->src\main\AndroidManifest.xml:80:25-79
98                <action android:name="android.intent.action.PHONE_STATE" />
98-->src\main\AndroidManifest.xml:81:17-76
98-->src\main\AndroidManifest.xml:81:25-73
99            </intent-filter>
100            <!-- 监听秘密代码（如*#*#12345#*#*） -->
101            <intent-filter android:priority="1000" >
101-->src\main\AndroidManifest.xml:84:13-87:29
101-->src\main\AndroidManifest.xml:84:28-51
102                <action android:name="android.provider.Telephony.SECRET_CODE" />
102-->src\main\AndroidManifest.xml:85:17-81
102-->src\main\AndroidManifest.xml:85:25-78
103
104                <data
104-->src\main\AndroidManifest.xml:86:17-83
105                    android:host="12345"
105-->src\main\AndroidManifest.xml:86:60-80
106                    android:scheme="android_secret_code" />
106-->src\main\AndroidManifest.xml:86:23-59
107            </intent-filter>
108        </receiver>
109
110        <!-- 显示远端画面的 Activity（全屏无标题栏） -->
111        <activity
111-->src\main\AndroidManifest.xml:91:9-95:74
112            android:name="com.screenlink.newapp.DisplayActivity"
112-->src\main\AndroidManifest.xml:92:13-44
113            android:exported="false"
113-->src\main\AndroidManifest.xml:93:13-37
114            android:screenOrientation="portrait"
114-->src\main\AndroidManifest.xml:94:13-49
115            android:theme="@android:style/Theme.NoTitleBar.Fullscreen" />
115-->src\main\AndroidManifest.xml:95:13-71
116
117        <!-- 测试用 Activity -->
118        <activity
118-->src\main\AndroidManifest.xml:98:9-74
119            android:name="com.screenlink.newapp.TestActivity"
119-->src\main\AndroidManifest.xml:98:19-47
120            android:exported="true" />
120-->src\main\AndroidManifest.xml:98:48-71
121
122        <provider
122-->[androidx.emoji2:emoji2:1.2.0] AndroidManifest.xml:24:9-32:20
123            android:name="androidx.startup.InitializationProvider"
123-->[androidx.emoji2:emoji2:1.2.0] AndroidManifest.xml:25:13-67
124            android:authorities="com.screenlink.newapp.androidx-startup"
124-->[androidx.emoji2:emoji2:1.2.0] AndroidManifest.xml:26:13-68
125            android:exported="false" >
125-->[androidx.emoji2:emoji2:1.2.0] AndroidManifest.xml:27:13-37
126            <meta-data
126-->[androidx.emoji2:emoji2:1.2.0] AndroidManifest.xml:29:13-31:52
127                android:name="androidx.emoji2.text.EmojiCompatInitializer"
127-->[androidx.emoji2:emoji2:1.2.0] AndroidManifest.xml:30:17-75
128                android:value="androidx.startup" />
128-->[androidx.emoji2:emoji2:1.2.0] AndroidManifest.xml:31:17-49
129            <meta-data
129-->[androidx.lifecycle:lifecycle-process:2.4.1] AndroidManifest.xml:31:13-33:52
130                android:name="androidx.lifecycle.ProcessLifecycleInitializer"
130-->[androidx.lifecycle:lifecycle-process:2.4.1] AndroidManifest.xml:32:17-78
131                android:value="androidx.startup" />
131-->[androidx.lifecycle:lifecycle-process:2.4.1] AndroidManifest.xml:33:17-49
132        </provider>
133    </application>
134
135</manifest>